<?xml version="1.0" encoding="UTF-8"?>
<testng-results ignored="0" total="4" passed="4" failed="0" skipped="0">
  <reporter-output>
  </reporter-output>
  <suite started-at="2020-12-21T13:48:32 EST" name="Suite" finished-at="2020-12-21T13:49:10 EST" duration-ms="37966">
    <groups>
    </groups>
    <test started-at="2020-12-21T13:48:32 EST" name="Test" finished-at="2020-12-21T13:49:10 EST" duration-ms="37966">
      <class name="Frameworkdemo.SeleniumFramework.Validategoogle">
        <test-method signature="basepagenavigate()[pri:0, instance:Frameworkdemo.SeleniumFramework.Validategoogle@7c0c77c7]" started-at="2020-12-21T13:48:55 EST" name="basepagenavigate" finished-at="2020-12-21T13:49:01 EST" duration-ms="5658" status="PASS">
          <reporter-output>
          </reporter-output>
        </test-method> <!-- basepagenavigate -->
      </class> <!-- Frameworkdemo.SeleniumFramework.Validategoogle -->
      <class name="Frameworkdemo.SeleniumFramework.HomePage">
        <test-method signature="basepagenavigate(java.lang.String, java.lang.String)[pri:0, instance:Frameworkdemo.SeleniumFramework.HomePage@48aaecc3]" started-at="2020-12-21T13:48:32 EST" name="basepagenavigate" data-provider="getData" finished-at="2020-12-21T13:48:44 EST" duration-ms="12137" status="PASS">
          <params>
            <param index="0">
              <value>
                <![CDATA[test]]>
              </value>
            </param>
            <param index="1">
              <value>
                <![CDATA[pass]]>
              </value>
            </param>
          </params>
          <reporter-output>
          </reporter-output>
        </test-method> <!-- basepagenavigate -->
        <test-method signature="basepagenavigate(java.lang.String, java.lang.String)[pri:0, instance:Frameworkdemo.SeleniumFramework.HomePage@48aaecc3]" started-at="2020-12-21T13:48:44 EST" name="basepagenavigate" data-provider="getData" finished-at="2020-12-21T13:48:55 EST" duration-ms="11305" status="PASS">
          <params>
            <param index="0">
              <value>
                <![CDATA[test1]]>
              </value>
            </param>
            <param index="1">
              <value>
                <![CDATA[pass1]]>
              </value>
            </param>
          </params>
          <reporter-output>
          </reporter-output>
        </test-method> <!-- basepagenavigate -->
      </class> <!-- Frameworkdemo.SeleniumFramework.HomePage -->
      <class name="Frameworkdemo.SeleniumFramework.ValidateYahoo">
        <test-method signature="basepagenavigate()[pri:0, instance:Frameworkdemo.SeleniumFramework.ValidateYahoo@7adda9cc]" started-at="2020-12-21T13:49:01 EST" name="basepagenavigate" finished-at="2020-12-21T13:49:10 EST" duration-ms="8779" status="PASS">
          <reporter-output>
          </reporter-output>
        </test-method> <!-- basepagenavigate -->
      </class> <!-- Frameworkdemo.SeleniumFramework.ValidateYahoo -->
    </test> <!-- Test -->
  </suite> <!-- Suite -->
</testng-results>
