<?xml version="1.0" encoding="UTF-8"?>
<!-- Generated by org.testng.reporters.JUnitXMLReporter -->
<testsuite ignored="0" hostname="DESKTOP-OELSBJR" failures="0" tests="4" name="Test" time="37.966" errors="0" timestamp="2020-12-21T13:49:10 EST">
  <testcase classname="Frameworkdemo.SeleniumFramework.HomePage" name="basepagenavigate" time="12.137"/>
  <testcase classname="Frameworkdemo.SeleniumFramework.HomePage" name="basepagenavigate" time="11.305"/>
  <testcase classname="Frameworkdemo.SeleniumFramework.Validategoogle" name="basepagenavigate" time="5.658"/>
  <testcase classname="Frameworkdemo.SeleniumFramework.ValidateYahoo" name="basepagenavigate" time="8.779"/>
</testsuite> <!-- Test -->
